gyp info it worked if it ends with ok
gyp info using node-gyp@9.3.1
gyp info using node@20.1.0 | darwin | x64
gyp info find Python using Python version 3.9.13 found at "/Users/sarahreb/opt/anaconda3/bin/python3"
gyp info spawn /Users/sarahreb/opt/anaconda3/bin/python3
gyp info spawn args [
gyp info spawn args   '/usr/local/lib/node_modules/npm/node_modules/node-gyp/gyp/gyp_main.py',
gyp info spawn args   'binding.gyp',
gyp info spawn args   '-f',
gyp info spawn args   'make',
gyp info spawn args   '-I',
gyp info spawn args   '/Users/sarahreb/Desktop/university/masters/sose_2023/ma_thesis_cds_ondraszek_2023/node_modules/mongodb/node_modules/bson/build/config.gypi',
gyp info spawn args   '-I',
gyp info spawn args   '/usr/local/lib/node_modules/npm/node_modules/node-gyp/addon.gypi',
gyp info spawn args   '-I',
gyp info spawn args   '/Users/sarahreb/Library/Caches/node-gyp/20.1.0/include/node/common.gypi',
gyp info spawn args   '-Dlibrary=shared_library',
gyp info spawn args   '-Dvisibility=default',
gyp info spawn args   '-Dnode_root_dir=/Users/sarahreb/Library/Caches/node-gyp/20.1.0',
gyp info spawn args   '-Dnode_gyp_dir=/usr/local/lib/node_modules/npm/node_modules/node-gyp',
gyp info spawn args   '-Dnode_lib_file=/Users/sarahreb/Library/Caches/node-gyp/20.1.0/<(target_arch)/node.lib',
gyp info spawn args   '-Dmodule_root_dir=/Users/sarahreb/Desktop/university/masters/sose_2023/ma_thesis_cds_ondraszek_2023/node_modules/mongodb/node_modules/bson',
gyp info spawn args   '-Dnode_engine=v8',
gyp info spawn args   '--depth=.',
gyp info spawn args   '--no-parallel',
gyp info spawn args   '--generator-output',
gyp info spawn args   'build',
gyp info spawn args   '-Goutput_dir=.'
gyp info spawn args ]
No receipt for 'com.apple.pkg.CLTools_Executables' found at '/'.

No receipt for 'com.apple.pkg.DeveloperToolsCLILeo' found at '/'.

No receipt for 'com.apple.pkg.DeveloperToolsCLI' found at '/'.

gyp info spawn make
gyp info spawn args [ 'BUILDTYPE=Release', '-C', 'build' ]
In file included from ../ext/bson.cc:35:
../ext/bson.h:51:25: error: no template named 'Handle'
        static void Initialize(Handle<Object> target);
                               ^
../ext/bson.h:52:9: error: no template named 'Handle'
        static Handle<Value> BSONDeserializeStream(const Arguments &args);
               ^
../ext/bson.h:52:51: error: unknown type name 'Arguments'
        static Handle<Value> BSONDeserializeStream(const Arguments &args);
                                                         ^
../ext/bson.h:55:9: error: no template named 'Handle'
        static Handle<Value> BSONSerialize(const Arguments &args);
               ^
../ext/bson.h:55:43: error: unknown type name 'Arguments'
        static Handle<Value> BSONSerialize(const Arguments &args);
                                                 ^
../ext/bson.h:56:9: error: no template named 'Handle'
        static Handle<Value> BSONDeserialize(const Arguments &args);
               ^
../ext/bson.h:56:45: error: unknown type name 'Arguments'
        static Handle<Value> BSONDeserialize(const Arguments &args);
                                                   ^
../ext/bson.h:59:9: error: no template named 'Handle'
        static Handle<Value> CalculateObjectSize(const Arguments &args);
               ^
../ext/bson.h:59:49: error: unknown type name 'Arguments'
        static Handle<Value> CalculateObjectSize(const Arguments &args);
                                                       ^
../ext/bson.h:60:9: error: no template named 'Handle'
        static Handle<Value> SerializeWithBufferAndIndex(const Arguments &args);
               ^
../ext/bson.h:60:57: error: unknown type name 'Arguments'
        static Handle<Value> SerializeWithBufferAndIndex(const Arguments &args);
                                                               ^
../ext/bson.h:66:9: error: no template named 'Handle'
        static Handle<Value> New(const Arguments &args);
               ^
../ext/bson.h:66:33: error: unknown type name 'Arguments'
        static Handle<Value> New(const Arguments &args);
                                       ^
../ext/bson.h:67:9: error: no template named 'Handle'
        static Handle<Value> deserialize(BSON *bson, char *data, uint32_t dataLength, uint32_t startIndex, bool is_array_item);
               ^
../ext/bson.h:115:41: error: no template named 'Handle'
        Local<Object> GetSerializeObject(const Handle<Value>& object);
                                               ^
../ext/bson.h:129:23: error: no template named 'Handle'
        void    WriteByte(const Handle<Object>&, const Handle<String>&) { ++count; }
                                ^
../ext/bson.h:129:46: error: no template named 'Handle'
        void    WriteByte(const Handle<Object>&, const Handle<String>&) { ++count; }
                                                       ^
../ext/bson.h:130:23: error: no template named 'Handle'
        void    WriteBool(const Handle<Value>& value)                                   { ++count; }
                                ^
../ext/bson.h:132:24: error: no template named 'Handle'
        void    WriteInt32(const Handle<Value>& value)                                  { count += 4; }
                                 ^
fatal error: too many errors emitted, stopping now [-ferror-limit=]
20 errors generated.
make: *** [Release/obj.target/bson/ext/bson.o] Error 1
gyp ERR! build error 
gyp ERR! stack Error: `make` failed with exit code: 2
gyp ERR! stack     at ChildProcess.onExit (/usr/local/lib/node_modules/npm/node_modules/node-gyp/lib/build.js:203:23)
gyp ERR! stack     at ChildProcess.emit (node:events:511:28)
gyp ERR! stack     at ChildProcess._handle.onexit (node:internal/child_process:293:12)
gyp ERR! System Darwin 22.5.0
gyp ERR! command "/usr/local/Cellar/node/20.1.0/bin/node" "/usr/local/lib/node_modules/npm/node_modules/node-gyp/bin/node-gyp.js" "rebuild"
gyp ERR! cwd /Users/sarahreb/Desktop/university/masters/sose_2023/ma_thesis_cds_ondraszek_2023/node_modules/mongodb/node_modules/bson
gyp ERR! node -v v20.1.0
gyp ERR! node-gyp -v v9.3.1
gyp ERR! not ok 
